[debug] [2023-08-30T11:37:10.802Z] ----------------------------------------------------------------------
[debug] [2023-08-30T11:37:10.805Z] Command:       C:\Program Files\nodejs\node.exe C:\Users\Chamankumar\AppData\Roaming\npm\node_modules\firebase-tools\lib\bin\firebase.js init
[debug] [2023-08-30T11:37:10.805Z] CLI Version:   12.5.2
[debug] [2023-08-30T11:37:10.806Z] Platform:      win32
[debug] [2023-08-30T11:37:10.806Z] Node Version:  v18.16.0
[debug] [2023-08-30T11:37:10.811Z] Time:          Wed Aug 30 2023 17:07:10 GMT+0530 (India Standard Time)
[debug] [2023-08-30T11:37:10.811Z] ----------------------------------------------------------------------
[debug] 
[debug] [2023-08-30T11:37:10.934Z] > command requires scopes: ["email","openid","https://www.googleapis.com/auth/cloudplatformprojects.readonly","https://www.googleapis.com/auth/firebase","https://www.googleapis.com/auth/cloud-platform"]
[debug] [2023-08-30T11:37:10.935Z] > authorizing via signed-in user (kashyapsarvesh1824@gmail.com)
[info] 
     ######## #### ########  ######## ########     ###     ######  ########
     ##        ##  ##     ## ##       ##     ##  ##   ##  ##       ##
     ######    ##  ########  ######   ########  #########  ######  ######
     ##        ##  ##    ##  ##       ##     ## ##     ##       ## ##
     ##       #### ##     ## ######## ########  ##     ##  ######  ########

You're about to initialize a Firebase project in this directory:

  C:\Users\Chamankumar\OneDrive\Documents\ImportantProjects\chat-app-master

Before we get started, keep in mind:

  * You are initializing within an existing Firebase project directory

[info] 
=== Project Setup
[info] 
[info] First, let's associate this project directory with a Firebase project.
[info] You can create multiple project aliases by running firebase use --add, 
[info] but for now we'll just set up a default project.
[info] 
[debug] [2023-08-30T11:37:23.682Z] Using project from CLI flag: chat-web-app-4ee4c
[debug] [2023-08-30T11:37:23.685Z] >>> [apiv2][query] GET https://firebase.googleapis.com/v1beta1/projects/chat-web-app-4ee4c [none]
[debug] [2023-08-30T11:37:25.195Z] <<< [apiv2][status] GET https://firebase.googleapis.com/v1beta1/projects/chat-web-app-4ee4c 403
[debug] [2023-08-30T11:37:25.196Z] <<< [apiv2][body] GET https://firebase.googleapis.com/v1beta1/projects/chat-web-app-4ee4c {"error":{"code":403,"message":"The caller does not have permission","status":"PERMISSION_DENIED"}}
[debug] [2023-08-30T11:37:25.197Z] HTTP Error: 403, The caller does not have permission
[debug] [2023-08-30T11:37:25.427Z] FirebaseError: HTTP Error: 403, The caller does not have permission
    at responseToError (C:\Users\Chamankumar\AppData\Roaming\npm\node_modules\firebase-tools\lib\responseToError.js:49:12)
    at RetryOperation._fn (C:\Users\Chamankumar\AppData\Roaming\npm\node_modules\firebase-tools\lib\apiv2.js:285:77)
    at process.processTicksAndRejections (node:internal/process/task_queues:95:5)
[error] 
[error] Error: Failed to get Firebase project chat-web-app-4ee4c. Please make sure the project exists and your account has permission to access it.
